<?xml version="1.0" encoding="UTF-8"?>
<!-- Generated by org.testng.reporters.JUnitReportReporter -->
<testsuite hostname="Admin-PC" failures="0" tests="1" name="StepDefinition.TestRunner" time="11.469" errors="0" timestamp="2022-06-09T21:28:25 IST" skipped="0">
  <testcase classname="StepDefinition.TestRunner" name="runScenario" time="11.469"/>
  <system-out/>
</testsuite> <!-- StepDefinition.TestRunner -->
